<?xml version="1.0" encoding="UTF-8"?>
<testng-results ignored="0" total="1" passed="1" failed="0" skipped="0">
  <reporter-output>
  </reporter-output>
  <suite started-at="2025-01-15T20:26:20 GMT-05:00" name="Suite" finished-at="2025-01-15T20:26:45 GMT-05:00" duration-ms="24468">
    <groups>
    </groups>
    <test started-at="2025-01-15T20:26:20 GMT-05:00" name="Test" finished-at="2025-01-15T20:26:45 GMT-05:00" duration-ms="24468">
      <class name="com.tmb.tests.OrangeHRMTests">
        <test-method is-config="true" signature="setUp()[pri:0, instance:com.tmb.tests.OrangeHRMTests@235ecd9f]" started-at="2025-01-15T20:26:20 GMT-05:00" name="setUp" finished-at="2025-01-15T20:26:27 GMT-05:00" duration-ms="6766" status="PASS">
          <reporter-output>
          </reporter-output>
        </test-method> <!-- setUp -->
        <test-method signature="loginLogoutTest()[pri:0, instance:com.tmb.tests.OrangeHRMTests@235ecd9f]" started-at="2025-01-15T20:26:27 GMT-05:00" name="loginLogoutTest" finished-at="2025-01-15T20:26:44 GMT-05:00" duration-ms="16698" status="PASS">
          <reporter-output>
          </reporter-output>
        </test-method> <!-- loginLogoutTest -->
        <test-method is-config="true" signature="tearDown()[pri:0, instance:com.tmb.tests.OrangeHRMTests@235ecd9f]" started-at="2025-01-15T20:26:44 GMT-05:00" name="tearDown" finished-at="2025-01-15T20:26:45 GMT-05:00" duration-ms="938" status="PASS">
          <reporter-output>
          </reporter-output>
        </test-method> <!-- tearDown -->
      </class> <!-- com.tmb.tests.OrangeHRMTests -->
    </test> <!-- Test -->
  </suite> <!-- Suite -->
</testng-results>
